{
  "numFailedTestSuites": 0,
  "numFailedTests": 0,
  "numPassedTestSuites": 1,
  "numPassedTests": 1,
  "numPendingTestSuites": 0,
  "numPendingTests": 0,
  "numRuntimeErrorTestSuites": 0,
  "numTodoTests": 0,
  "numTotalTestSuites": 1,
  "numTotalTests": 1,
  "openHandles": [],
  "snapshot": {
    "added": 0,
    "didUpdate": false,
    "failure": false,
    "filesAdded": 0,
    "filesRemoved": 0,
    "filesRemovedList": [],
    "filesUnmatched": 0,
    "filesUpdated": 0,
    "matched": 0,
    "total": 0,
    "unchecked": 0,
    "uncheckedKeysByFile": [],
    "unmatched": 0,
    "updated": 0
  },
  "startTime": 1765101454557,
  "success": false,
  "testResults": [
    {
      "leaks": false,
      "numFailingTests": 0,
      "numPassingTests": 1,
      "numPendingTests": 0,
      "numTodoTests": 0,
      "openHandles": [],
      "perfStats": {
        "end": 1765101454628,
        "loadTestEnvironmentEnd": 1765101454587,
        "loadTestEnvironmentStart": 1765101454572,
        "runtime": 41,
        "setupAfterEnvEnd": 1765101454623,
        "setupAfterEnvStart": 1765101454622,
        "setupFilesEnd": 1765101454587,
        "setupFilesStart": 1765101454587,
        "slow": false,
        "start": 1765101454587
      },
      "skipped": false,
      "snapshot": {
        "added": 0,
        "fileDeleted": false,
        "matched": 0,
        "unchecked": 0,
        "uncheckedKeys": [],
        "unmatched": 0,
        "updated": 0
      },
      "testFilePath": "/home/hkym/Code/Learning-Notes/my-spa-webSite/tests/unit/index.test.ts",
      "testResults": [
        {
          "ancestorTitles": [
            "math utils"
          ],
          "duration": 1,
          "failing": false,
          "failureDetails": [],
          "failureMessages": [],
          "fullName": "math utils add",
          "invocations": 1,
          "location": null,
          "numPassingAsserts": 1,
          "retryReasons": [],
          "startAt": 1765101454627,
          "status": "passed",
          "title": "add"
        }
      ],
      "failureMessage": null
    }
  ],
  "wasInterrupted": false
}